<?xml version="1.0" encoding="UTF-8"?>
<robot generator="Robot 4.1.3 (Python 3.10.0 on win32)" generated="20220214 23:42:29.723" rpa="false" schemaversion="2">
<suite id="s1" name="Verify Valid Credentials Suite" source="C:\Tamil\abc_Project\login_suite\verify_valid_credentials_suite.robot">
<test id="s1-t1" name="TC3">
<kw name="Launch Browser" library="common_functionality" type="SETUP">
<kw name="Set Local Variable" library="BuiltIn">
<arg>${driver}</arg>
<arg>chromedriver.exe</arg>
<doc>Makes a variable available everywhere within the local scope.</doc>
<msg timestamp="20220214 23:42:31.213" level="INFO">${driver} = chromedriver.exe</msg>
<status status="PASS" starttime="20220214 23:42:31.211" endtime="20220214 23:42:31.213"/>
</kw>
<if>
<branch type="IF" condition="'${BROWSER_NAME}' == 'firefox'">
<kw name="Set Local Variable" library="BuiltIn">
<arg>${driver}</arg>
<arg>geckodriver.exe</arg>
<doc>Makes a variable available everywhere within the local scope.</doc>
<status status="NOT RUN" starttime="20220214 23:42:31.214" endtime="20220214 23:42:31.214"/>
</kw>
<status status="NOT RUN" starttime="20220214 23:42:31.213" endtime="20220214 23:42:31.214"/>
</branch>
<branch type="ELSE IF" condition="'${BROWSER_NAME}' == 'edge'">
<kw name="Set Local Variable" library="BuiltIn">
<arg>${driver}</arg>
<arg>msedgedriver.exe</arg>
<doc>Makes a variable available everywhere within the local scope.</doc>
<status status="NOT RUN" starttime="20220214 23:42:31.214" endtime="20220214 23:42:31.214"/>
</kw>
<status status="NOT RUN" starttime="20220214 23:42:31.214" endtime="20220214 23:42:31.214"/>
</branch>
<branch type="ELSE IF" condition="'${BROWSER_NAME}' == 'safari'">
<kw name="Set Local Variable" library="BuiltIn">
<arg>${driver}</arg>
<arg>safaridriver.exe</arg>
<doc>Makes a variable available everywhere within the local scope.</doc>
<status status="NOT RUN" starttime="20220214 23:42:31.215" endtime="20220214 23:42:31.215"/>
</kw>
<status status="NOT RUN" starttime="20220214 23:42:31.214" endtime="20220214 23:42:31.215"/>
</branch>
<status status="PASS" starttime="20220214 23:42:31.213" endtime="20220214 23:42:31.215"/>
</if>
<kw name="Open Browser" library="SeleniumLibrary">
<arg>browser=${BROWSER_NAME}</arg>
<arg>executable_path=${EXECDIR}${/}drivers${/}${driver}</arg>
<doc>Opens a new browser instance to the optional ``url``.</doc>
<msg timestamp="20220214 23:42:31.216" level="INFO">Opening browser 'chrome' to base url 'None'.</msg>
<status status="PASS" starttime="20220214 23:42:31.215" endtime="20220214 23:42:32.357"/>
</kw>
<kw name="Maximize Browser Window" library="SeleniumLibrary">
<doc>Maximizes current browser window.</doc>
<status status="PASS" starttime="20220214 23:42:32.357" endtime="20220214 23:42:32.490"/>
</kw>
<kw name="Set Selenium Implicit Wait" library="SeleniumLibrary">
<arg>30s</arg>
<doc>Sets the implicit wait value used by Selenium.</doc>
<status status="PASS" starttime="20220214 23:42:32.491" endtime="20220214 23:42:32.493"/>
</kw>
<kw name="Set Screenshot Directory" library="SeleniumLibrary">
<arg>${EXECDIR}${/}screenshot</arg>
<doc>Sets the directory for captured screenshots.</doc>
<status status="PASS" starttime="20220214 23:42:32.493" endtime="20220214 23:42:32.495"/>
</kw>
<kw name="Go To" library="SeleniumLibrary">
<arg>url=${URL}</arg>
<doc>Navigates the current browser window to the provided ``url``.</doc>
<msg timestamp="20220214 23:42:32.495" level="INFO">Opening url 'https://phptravels.net/'</msg>
<status status="PASS" starttime="20220214 23:42:32.495" endtime="20220214 23:42:41.340"/>
</kw>
<kw name="Click Element" library="SeleniumLibrary">
<arg>xpath=//a[@class='theme-btn theme-btn-small theme-btn-transparent ml-1 waves-effect']</arg>
<doc>Click the element identified by ``locator``.</doc>
<msg timestamp="20220214 23:42:41.341" level="INFO">Clicking element 'xpath=//a[@class='theme-btn theme-btn-small theme-btn-transparent ml-1 waves-effect']'.</msg>
<status status="PASS" starttime="20220214 23:42:41.340" endtime="20220214 23:42:42.612"/>
</kw>
<status status="PASS" starttime="20220214 23:42:31.211" endtime="20220214 23:42:42.613"/>
</kw>
<kw name="Verify Valid Credentials Template">
<arg>tamilmaranpanneer@gmail.com</arg>
<arg>dfgts45785</arg>
<arg>PHPTRAVELS</arg>
<kw name="Enter Username" library="login_page">
<arg>${username}</arg>
<kw name="Input Text" library="SeleniumLibrary">
<arg>${USERNAME_LOCATOR}</arg>
<arg>${username}</arg>
<doc>Types the given ``text`` into the text field identified by ``locator``.</doc>
<msg timestamp="20220214 23:42:42.615" level="INFO">Typing text 'tamilmaranpanneer@gmail.com' into text field 'name=email'.</msg>
<status status="PASS" starttime="20220214 23:42:42.614" endtime="20220214 23:42:42.771"/>
</kw>
<status status="PASS" starttime="20220214 23:42:42.614" endtime="20220214 23:42:42.771"/>
</kw>
<kw name="Enter Password" library="login_page">
<arg>${password}</arg>
<kw name="Input Password" library="SeleniumLibrary">
<arg>${PASSWORD_LOCATOR}</arg>
<arg>${password}</arg>
<doc>Types the given password into the text field identified by ``locator``.</doc>
<msg timestamp="20220214 23:42:42.773" level="INFO">Typing password into text field 'name=password'.</msg>
<msg timestamp="20220214 23:42:42.826" level="INFO">Temporally setting log level to: NONE</msg>
<msg timestamp="20220214 23:42:42.893" level="INFO">Log level changed from NONE to INFO.</msg>
<status status="PASS" starttime="20220214 23:42:42.772" endtime="20220214 23:42:42.893"/>
</kw>
<status status="PASS" starttime="20220214 23:42:42.771" endtime="20220214 23:42:42.894"/>
</kw>
<kw name="Click Login" library="login_page">
<kw name="Click Element" library="SeleniumLibrary">
<arg>${LOGIN_LOCATOR}</arg>
<doc>Click the element identified by ``locator``.</doc>
<msg timestamp="20220214 23:42:42.895" level="INFO">Clicking element 'xpath=//button[@class='btn btn-default btn-lg btn-block effect ladda-button waves-effect']'.</msg>
<status status="PASS" starttime="20220214 23:42:42.894" endtime="20220214 23:42:44.049"/>
</kw>
<status status="PASS" starttime="20220214 23:42:42.894" endtime="20220214 23:42:44.049"/>
</kw>
<kw name="Main Page Title Should be" library="main_page">
<arg>${expected_title}</arg>
<kw name="Title Should Be" library="SeleniumLibrary">
<arg>${expected_title}</arg>
<doc>Verifies that the current page title equals ``title``.</doc>
<msg timestamp="20220214 23:42:44.431" level="INFO" html="true">&lt;/td&gt;&lt;/tr&gt;&lt;tr&gt;&lt;td colspan="3"&gt;&lt;a href="screenshot/selenium-screenshot-12.png"&gt;&lt;img src="screenshot/selenium-screenshot-12.png" width="800px"&gt;&lt;/a&gt;</msg>
<msg timestamp="20220214 23:42:44.434" level="FAIL">Title should have been 'PHPTRAVELS' but was 'Login - PHPTRAVELS'.</msg>
<status status="FAIL" starttime="20220214 23:42:44.050" endtime="20220214 23:42:44.434"/>
</kw>
<status status="FAIL" starttime="20220214 23:42:44.049" endtime="20220214 23:42:44.435"/>
</kw>
<status status="FAIL" starttime="20220214 23:42:42.613" endtime="20220214 23:42:44.436"/>
</kw>
<kw name="End Browser" library="common_functionality" type="TEARDOWN">
<kw name="Close Browser" library="SeleniumLibrary">
<doc>Closes the current browser.</doc>
<status status="PASS" starttime="20220214 23:42:44.439" endtime="20220214 23:42:46.647"/>
</kw>
<status status="PASS" starttime="20220214 23:42:44.437" endtime="20220214 23:42:46.648"/>
</kw>
<status status="FAIL" starttime="20220214 23:42:31.208" endtime="20220214 23:42:46.649">Title should have been 'PHPTRAVELS' but was 'Login - PHPTRAVELS'.</status>
</test>
<test id="s1-t2" name="TC3">
<kw name="Launch Browser" library="common_functionality" type="SETUP">
<kw name="Set Local Variable" library="BuiltIn">
<arg>${driver}</arg>
<arg>chromedriver.exe</arg>
<doc>Makes a variable available everywhere within the local scope.</doc>
<msg timestamp="20220214 23:42:46.668" level="INFO">${driver} = chromedriver.exe</msg>
<status status="PASS" starttime="20220214 23:42:46.665" endtime="20220214 23:42:46.668"/>
</kw>
<if>
<branch type="IF" condition="'${BROWSER_NAME}' == 'firefox'">
<kw name="Set Local Variable" library="BuiltIn">
<arg>${driver}</arg>
<arg>geckodriver.exe</arg>
<doc>Makes a variable available everywhere within the local scope.</doc>
<status status="NOT RUN" starttime="20220214 23:42:46.669" endtime="20220214 23:42:46.669"/>
</kw>
<status status="NOT RUN" starttime="20220214 23:42:46.669" endtime="20220214 23:42:46.669"/>
</branch>
<branch type="ELSE IF" condition="'${BROWSER_NAME}' == 'edge'">
<kw name="Set Local Variable" library="BuiltIn">
<arg>${driver}</arg>
<arg>msedgedriver.exe</arg>
<doc>Makes a variable available everywhere within the local scope.</doc>
<status status="NOT RUN" starttime="20220214 23:42:46.670" endtime="20220214 23:42:46.670"/>
</kw>
<status status="NOT RUN" starttime="20220214 23:42:46.670" endtime="20220214 23:42:46.670"/>
</branch>
<branch type="ELSE IF" condition="'${BROWSER_NAME}' == 'safari'">
<kw name="Set Local Variable" library="BuiltIn">
<arg>${driver}</arg>
<arg>safaridriver.exe</arg>
<doc>Makes a variable available everywhere within the local scope.</doc>
<status status="NOT RUN" starttime="20220214 23:42:46.671" endtime="20220214 23:42:46.671"/>
</kw>
<status status="NOT RUN" starttime="20220214 23:42:46.670" endtime="20220214 23:42:46.671"/>
</branch>
<status status="PASS" starttime="20220214 23:42:46.668" endtime="20220214 23:42:46.671"/>
</if>
<kw name="Open Browser" library="SeleniumLibrary">
<arg>browser=${BROWSER_NAME}</arg>
<arg>executable_path=${EXECDIR}${/}drivers${/}${driver}</arg>
<doc>Opens a new browser instance to the optional ``url``.</doc>
<msg timestamp="20220214 23:42:46.672" level="INFO">Opening browser 'chrome' to base url 'None'.</msg>
<status status="PASS" starttime="20220214 23:42:46.671" endtime="20220214 23:42:47.841"/>
</kw>
<kw name="Maximize Browser Window" library="SeleniumLibrary">
<doc>Maximizes current browser window.</doc>
<status status="PASS" starttime="20220214 23:42:47.841" endtime="20220214 23:42:47.968"/>
</kw>
<kw name="Set Selenium Implicit Wait" library="SeleniumLibrary">
<arg>30s</arg>
<doc>Sets the implicit wait value used by Selenium.</doc>
<status status="PASS" starttime="20220214 23:42:47.968" endtime="20220214 23:42:47.970"/>
</kw>
<kw name="Set Screenshot Directory" library="SeleniumLibrary">
<arg>${EXECDIR}${/}screenshot</arg>
<doc>Sets the directory for captured screenshots.</doc>
<status status="PASS" starttime="20220214 23:42:47.970" endtime="20220214 23:42:47.971"/>
</kw>
<kw name="Go To" library="SeleniumLibrary">
<arg>url=${URL}</arg>
<doc>Navigates the current browser window to the provided ``url``.</doc>
<msg timestamp="20220214 23:42:47.972" level="INFO">Opening url 'https://phptravels.net/'</msg>
<status status="PASS" starttime="20220214 23:42:47.971" endtime="20220214 23:42:58.188"/>
</kw>
<kw name="Click Element" library="SeleniumLibrary">
<arg>xpath=//a[@class='theme-btn theme-btn-small theme-btn-transparent ml-1 waves-effect']</arg>
<doc>Click the element identified by ``locator``.</doc>
<msg timestamp="20220214 23:42:58.189" level="INFO">Clicking element 'xpath=//a[@class='theme-btn theme-btn-small theme-btn-transparent ml-1 waves-effect']'.</msg>
<status status="PASS" starttime="20220214 23:42:58.189" endtime="20220214 23:42:58.827"/>
</kw>
<status status="PASS" starttime="20220214 23:42:46.664" endtime="20220214 23:42:58.828"/>
</kw>
<kw name="Verify Valid Credentials Template">
<arg>physician</arg>
<arg>physician</arg>
<arg>PHPTRAVELS</arg>
<kw name="Enter Username" library="login_page">
<arg>${username}</arg>
<kw name="Input Text" library="SeleniumLibrary">
<arg>${USERNAME_LOCATOR}</arg>
<arg>${username}</arg>
<doc>Types the given ``text`` into the text field identified by ``locator``.</doc>
<msg timestamp="20220214 23:42:58.831" level="INFO">Typing text 'physician' into text field 'name=email'.</msg>
<status status="PASS" starttime="20220214 23:42:58.830" endtime="20220214 23:42:58.956"/>
</kw>
<status status="PASS" starttime="20220214 23:42:58.829" endtime="20220214 23:42:58.957"/>
</kw>
<kw name="Enter Password" library="login_page">
<arg>${password}</arg>
<kw name="Input Password" library="SeleniumLibrary">
<arg>${PASSWORD_LOCATOR}</arg>
<arg>${password}</arg>
<doc>Types the given password into the text field identified by ``locator``.</doc>
<msg timestamp="20220214 23:42:58.958" level="INFO">Typing password into text field 'name=password'.</msg>
<msg timestamp="20220214 23:42:59.011" level="INFO">Temporally setting log level to: NONE</msg>
<msg timestamp="20220214 23:42:59.073" level="INFO">Log level changed from NONE to INFO.</msg>
<status status="PASS" starttime="20220214 23:42:58.957" endtime="20220214 23:42:59.073"/>
</kw>
<status status="PASS" starttime="20220214 23:42:58.957" endtime="20220214 23:42:59.074"/>
</kw>
<kw name="Click Login" library="login_page">
<kw name="Click Element" library="SeleniumLibrary">
<arg>${LOGIN_LOCATOR}</arg>
<doc>Click the element identified by ``locator``.</doc>
<msg timestamp="20220214 23:42:59.075" level="INFO">Clicking element 'xpath=//button[@class='btn btn-default btn-lg btn-block effect ladda-button waves-effect']'.</msg>
<status status="PASS" starttime="20220214 23:42:59.074" endtime="20220214 23:42:59.143"/>
</kw>
<status status="PASS" starttime="20220214 23:42:59.074" endtime="20220214 23:42:59.144"/>
</kw>
<kw name="Main Page Title Should be" library="main_page">
<arg>${expected_title}</arg>
<kw name="Title Should Be" library="SeleniumLibrary">
<arg>${expected_title}</arg>
<doc>Verifies that the current page title equals ``title``.</doc>
<msg timestamp="20220214 23:42:59.530" level="INFO" html="true">&lt;/td&gt;&lt;/tr&gt;&lt;tr&gt;&lt;td colspan="3"&gt;&lt;a href="screenshot/selenium-screenshot-13.png"&gt;&lt;img src="screenshot/selenium-screenshot-13.png" width="800px"&gt;&lt;/a&gt;</msg>
<msg timestamp="20220214 23:42:59.532" level="FAIL">Title should have been 'PHPTRAVELS' but was 'Login - PHPTRAVELS'.</msg>
<status status="FAIL" starttime="20220214 23:42:59.145" endtime="20220214 23:42:59.532"/>
</kw>
<status status="FAIL" starttime="20220214 23:42:59.144" endtime="20220214 23:42:59.533"/>
</kw>
<status status="FAIL" starttime="20220214 23:42:58.828" endtime="20220214 23:42:59.534"/>
</kw>
<kw name="End Browser" library="common_functionality" type="TEARDOWN">
<kw name="Close Browser" library="SeleniumLibrary">
<doc>Closes the current browser.</doc>
<status status="PASS" starttime="20220214 23:42:59.536" endtime="20220214 23:43:01.702"/>
</kw>
<status status="PASS" starttime="20220214 23:42:59.535" endtime="20220214 23:43:01.702"/>
</kw>
<status status="FAIL" starttime="20220214 23:42:46.657" endtime="20220214 23:43:01.703">Title should have been 'PHPTRAVELS' but was 'Login - PHPTRAVELS'.</status>
</test>
<test id="s1-t3" name="TC3">
<kw name="Launch Browser" library="common_functionality" type="SETUP">
<kw name="Set Local Variable" library="BuiltIn">
<arg>${driver}</arg>
<arg>chromedriver.exe</arg>
<doc>Makes a variable available everywhere within the local scope.</doc>
<msg timestamp="20220214 23:43:01.713" level="INFO">${driver} = chromedriver.exe</msg>
<status status="PASS" starttime="20220214 23:43:01.711" endtime="20220214 23:43:01.713"/>
</kw>
<if>
<branch type="IF" condition="'${BROWSER_NAME}' == 'firefox'">
<kw name="Set Local Variable" library="BuiltIn">
<arg>${driver}</arg>
<arg>geckodriver.exe</arg>
<doc>Makes a variable available everywhere within the local scope.</doc>
<status status="NOT RUN" starttime="20220214 23:43:01.713" endtime="20220214 23:43:01.713"/>
</kw>
<status status="NOT RUN" starttime="20220214 23:43:01.713" endtime="20220214 23:43:01.713"/>
</branch>
<branch type="ELSE IF" condition="'${BROWSER_NAME}' == 'edge'">
<kw name="Set Local Variable" library="BuiltIn">
<arg>${driver}</arg>
<arg>msedgedriver.exe</arg>
<doc>Makes a variable available everywhere within the local scope.</doc>
<status status="NOT RUN" starttime="20220214 23:43:01.714" endtime="20220214 23:43:01.714"/>
</kw>
<status status="NOT RUN" starttime="20220214 23:43:01.714" endtime="20220214 23:43:01.714"/>
</branch>
<branch type="ELSE IF" condition="'${BROWSER_NAME}' == 'safari'">
<kw name="Set Local Variable" library="BuiltIn">
<arg>${driver}</arg>
<arg>safaridriver.exe</arg>
<doc>Makes a variable available everywhere within the local scope.</doc>
<status status="NOT RUN" starttime="20220214 23:43:01.715" endtime="20220214 23:43:01.715"/>
</kw>
<status status="NOT RUN" starttime="20220214 23:43:01.715" endtime="20220214 23:43:01.715"/>
</branch>
<status status="PASS" starttime="20220214 23:43:01.713" endtime="20220214 23:43:01.715"/>
</if>
<kw name="Open Browser" library="SeleniumLibrary">
<arg>browser=${BROWSER_NAME}</arg>
<arg>executable_path=${EXECDIR}${/}drivers${/}${driver}</arg>
<doc>Opens a new browser instance to the optional ``url``.</doc>
<msg timestamp="20220214 23:43:01.717" level="INFO">Opening browser 'chrome' to base url 'None'.</msg>
<status status="PASS" starttime="20220214 23:43:01.715" endtime="20220214 23:43:02.830"/>
</kw>
<kw name="Maximize Browser Window" library="SeleniumLibrary">
<doc>Maximizes current browser window.</doc>
<status status="PASS" starttime="20220214 23:43:02.830" endtime="20220214 23:43:02.965"/>
</kw>
<kw name="Set Selenium Implicit Wait" library="SeleniumLibrary">
<arg>30s</arg>
<doc>Sets the implicit wait value used by Selenium.</doc>
<status status="PASS" starttime="20220214 23:43:02.966" endtime="20220214 23:43:02.977"/>
</kw>
<kw name="Set Screenshot Directory" library="SeleniumLibrary">
<arg>${EXECDIR}${/}screenshot</arg>
<doc>Sets the directory for captured screenshots.</doc>
<status status="PASS" starttime="20220214 23:43:02.977" endtime="20220214 23:43:02.978"/>
</kw>
<kw name="Go To" library="SeleniumLibrary">
<arg>url=${URL}</arg>
<doc>Navigates the current browser window to the provided ``url``.</doc>
<msg timestamp="20220214 23:43:02.979" level="INFO">Opening url 'https://phptravels.net/'</msg>
<status status="PASS" starttime="20220214 23:43:02.978" endtime="20220214 23:43:13.597"/>
</kw>
<kw name="Click Element" library="SeleniumLibrary">
<arg>xpath=//a[@class='theme-btn theme-btn-small theme-btn-transparent ml-1 waves-effect']</arg>
<doc>Click the element identified by ``locator``.</doc>
<msg timestamp="20220214 23:43:13.598" level="INFO">Clicking element 'xpath=//a[@class='theme-btn theme-btn-small theme-btn-transparent ml-1 waves-effect']'.</msg>
<status status="PASS" starttime="20220214 23:43:13.597" endtime="20220214 23:43:14.539"/>
</kw>
<status status="PASS" starttime="20220214 23:43:01.710" endtime="20220214 23:43:14.539"/>
</kw>
<kw name="Verify Valid Credentials Template">
<arg>accountant</arg>
<arg>accountant </arg>
<arg>PHPTRAVELS</arg>
<kw name="Enter Username" library="login_page">
<arg>${username}</arg>
<kw name="Input Text" library="SeleniumLibrary">
<arg>${USERNAME_LOCATOR}</arg>
<arg>${username}</arg>
<doc>Types the given ``text`` into the text field identified by ``locator``.</doc>
<msg timestamp="20220214 23:43:14.541" level="INFO">Typing text 'accountant' into text field 'name=email'.</msg>
<status status="PASS" starttime="20220214 23:43:14.541" endtime="20220214 23:43:14.662"/>
</kw>
<status status="PASS" starttime="20220214 23:43:14.540" endtime="20220214 23:43:14.663"/>
</kw>
<kw name="Enter Password" library="login_page">
<arg>${password}</arg>
<kw name="Input Password" library="SeleniumLibrary">
<arg>${PASSWORD_LOCATOR}</arg>
<arg>${password}</arg>
<doc>Types the given password into the text field identified by ``locator``.</doc>
<msg timestamp="20220214 23:43:14.664" level="INFO">Typing password into text field 'name=password'.</msg>
<msg timestamp="20220214 23:43:14.716" level="INFO">Temporally setting log level to: NONE</msg>
<msg timestamp="20220214 23:43:14.781" level="INFO">Log level changed from NONE to INFO.</msg>
<status status="PASS" starttime="20220214 23:43:14.664" endtime="20220214 23:43:14.781"/>
</kw>
<status status="PASS" starttime="20220214 23:43:14.663" endtime="20220214 23:43:14.782"/>
</kw>
<kw name="Click Login" library="login_page">
<kw name="Click Element" library="SeleniumLibrary">
<arg>${LOGIN_LOCATOR}</arg>
<doc>Click the element identified by ``locator``.</doc>
<msg timestamp="20220214 23:43:14.783" level="INFO">Clicking element 'xpath=//button[@class='btn btn-default btn-lg btn-block effect ladda-button waves-effect']'.</msg>
<status status="PASS" starttime="20220214 23:43:14.782" endtime="20220214 23:43:14.851"/>
</kw>
<status status="PASS" starttime="20220214 23:43:14.782" endtime="20220214 23:43:14.851"/>
</kw>
<kw name="Main Page Title Should be" library="main_page">
<arg>${expected_title}</arg>
<kw name="Title Should Be" library="SeleniumLibrary">
<arg>${expected_title}</arg>
<doc>Verifies that the current page title equals ``title``.</doc>
<msg timestamp="20220214 23:43:15.249" level="INFO" html="true">&lt;/td&gt;&lt;/tr&gt;&lt;tr&gt;&lt;td colspan="3"&gt;&lt;a href="screenshot/selenium-screenshot-14.png"&gt;&lt;img src="screenshot/selenium-screenshot-14.png" width="800px"&gt;&lt;/a&gt;</msg>
<msg timestamp="20220214 23:43:15.251" level="FAIL">Title should have been 'PHPTRAVELS' but was 'Login - PHPTRAVELS'.</msg>
<status status="FAIL" starttime="20220214 23:43:14.852" endtime="20220214 23:43:15.251"/>
</kw>
<status status="FAIL" starttime="20220214 23:43:14.851" endtime="20220214 23:43:15.252"/>
</kw>
<status status="FAIL" starttime="20220214 23:43:14.539" endtime="20220214 23:43:15.253"/>
</kw>
<kw name="End Browser" library="common_functionality" type="TEARDOWN">
<kw name="Close Browser" library="SeleniumLibrary">
<doc>Closes the current browser.</doc>
<status status="PASS" starttime="20220214 23:43:15.255" endtime="20220214 23:43:17.422"/>
</kw>
<status status="PASS" starttime="20220214 23:43:15.254" endtime="20220214 23:43:17.423"/>
</kw>
<status status="FAIL" starttime="20220214 23:43:01.707" endtime="20220214 23:43:17.423">Title should have been 'PHPTRAVELS' but was 'Login - PHPTRAVELS'.</status>
</test>
<status status="FAIL" starttime="20220214 23:42:29.725" endtime="20220214 23:43:17.426"/>
</suite>
<statistics>
<total>
<stat pass="0" fail="3" skip="0">All Tests</stat>
</total>
<tag>
</tag>
<suite>
<stat pass="0" fail="3" skip="0" id="s1" name="Verify Valid Credentials Suite">Verify Valid Credentials Suite</stat>
</suite>
</statistics>
<errors>
<msg timestamp="20220214 23:42:46.655" level="WARN">Multiple test cases with name 'TC3' executed in test suite 'Verify Valid Credentials Suite'.</msg>
<msg timestamp="20220214 23:43:01.706" level="WARN">Multiple test cases with name 'TC3' executed in test suite 'Verify Valid Credentials Suite'.</msg>
</errors>
</robot>
